2015-01-08 03:27:10,870   INFO  [main] CONSOLE: Initializing VoltDB...

 _    __      ____  ____  ____ 
| |  / /___  / / /_/ __ \/ __ )
| | / / __ \/ / __/ / / / __  |
| |/ / /_/ / / /_/ /_/ / /_/ / 
|___/\____/_/\__/_____/_____/

--------------------------------

2015-01-08 03:27:10,887   INFO  [main] CONSOLE: Build: 5.0 voltdb-4.9-307-gb6c12a8 Community Edition
2015-01-08 03:27:10,887   INFO  [main] HOST: Command line arguments: org.voltdb.VoltDB create catalog jikken.jar deployment voltdbroot/deployment.xml host localhost
2015-01-08 03:27:10,894   INFO  [main] HOST: Command line JVM arguments: -XX:PermSize=64M -XX:MaxPermSize=128m -Xmx2048m -Djava.awt.headless=true -Dsun.net.inetaddr.ttl=300 -Dsun.net.inetaddr.negative.ttl=3600 -XX:+HeapDumpOnOutOfMemoryError -XX:HeapDumpPath=/tmp -XX:+UseParNewGC -XX:+UseConcMarkSweepGC -XX:+CMSParallelRemarkEnabled -XX:+UseTLAB -XX:CMSInitiatingOccupancyFraction=75 -XX:+UseCMSInitiatingOccupancyOnly -XX:+UseCondCardMark -Dsun.rmi.dgc.server.gcInterval=9223372036854775807 -Dsun.rmi.dgc.client.gcInterval=9223372036854775807 -XX:CMSWaitDuration=120000 -XX:CMSMaxAbortablePrecleanTime=120000 -XX:+ExplicitGCInvokesConcurrent -XX:+CMSScavengeBeforeRemark -XX:+CMSClassUnloadingEnabled -XX:PermSize=64m -Dlog4j.configuration=file:///Users/ito/voltdb/voltdb/log4j.xml -Djava.library.path=/Users/ito/voltdb/voltdb
2015-01-08 03:27:10,894   INFO  [main] HOST: Command line JVM classpath: /Users/ito/voltdb/voltdb/voltdb-5.0.jar:/Users/ito/voltdb/lib/avro-1.7.7.jar:/Users/ito/voltdb/lib/commons-cli-1.2.jar:/Users/ito/voltdb/lib/commons-codec-1.6.jar:/Users/ito/voltdb/lib/commons-lang3-3.0.jar:/Users/ito/voltdb/lib/commons-logging-1.1.3.jar:/Users/ito/voltdb/lib/groovy-all-2.1.7-indy.jar:/Users/ito/voltdb/lib/httpasyncclient-4.0.1.jar:/Users/ito/voltdb/lib/httpclient-4.3.2.jar:/Users/ito/voltdb/lib/httpcore-4.3.2.jar:/Users/ito/voltdb/lib/httpcore-nio-4.3.2.jar:/Users/ito/voltdb/lib/jackson-core-asl-1.9.13.jar:/Users/ito/voltdb/lib/jackson-mapper-asl-1.9.13.jar:/Users/ito/voltdb/lib/jetty-continuation-7.6.1.v20120215.jar:/Users/ito/voltdb/lib/jetty-http-7.6.1.v20120215.jar:/Users/ito/voltdb/lib/jetty-io-7.6.1.v20120215.jar:/Users/ito/voltdb/lib/jetty-server-7.6.1.v20120215.jar:/Users/ito/voltdb/lib/jetty-util-7.6.1.v20120215.jar:/Users/ito/voltdb/lib/jline-2.10.jar:/Users/ito/voltdb/lib/jna.jar:/Users/ito/voltdb/lib/jsch-0.1.51.jar:/Users/ito/voltdb/lib/kafka_2.8.0-0.8.1.jar:/Users/ito/voltdb/lib/log4j-1.2.16.jar:/Users/ito/voltdb/lib/metrics-core-2.2.0.jar:/Users/ito/voltdb/lib/protobuf-java-2.4.1.jar:/Users/ito/voltdb/lib/scala-library.jar:/Users/ito/voltdb/lib/servlet-api-2.5.jar:/Users/ito/voltdb/lib/slf4j-api-1.6.2.jar:/Users/ito/voltdb/lib/slf4j-nop-1.6.2.jar:/Users/ito/voltdb/lib/snappy-java-1.1.0.1.jar:/Users/ito/voltdb/lib/super-csv-2.1.0.jar:/Users/ito/voltdb/lib/tomcat-jdbc.jar:/Users/ito/voltdb/lib/tomcat-juli.jar:/Users/ito/voltdb/lib/zmq-2.1.11.jar
2015-01-08 03:27:10,912   INFO  [main] NETWORK: Default network thread count: 2
2015-01-08 03:27:10,954   INFO  [main] HOST: Beginning inter-node communication on port 3021.
2015-01-08 03:27:10,954   INFO  [main] HOST: Attempting to bind to leader ip localhost/127.0.0.1:3021
2015-01-08 03:27:10,964   INFO  [main] CONSOLE: Connecting to VoltDB cluster as the leader...
2015-01-08 03:27:11,046   INFO  [main] ZK-SERVER: binding to port /127.0.0.1:2181
2015-01-08 03:27:11,066   INFO  [main] ZK-SERVER: Created server with tickTime 3000 minSessionTimeout 6000 maxSessionTimeout 60000
2015-01-08 03:27:11,168   INFO  [main] ZK-SERVER: Initiating client connection, connectString=127.0.0.1:2181 sessionTimeout=2000 watcher=org.voltcore.zk.ZKUtil$1@55fcde1f
2015-01-08 03:27:11,178   INFO  [main-SendThread()] ZK-CLIENT: Opening socket connection to server /127.0.0.1:2181
2015-01-08 03:27:11,182   INFO  [main-SendThread(localhost:2181)] ZK-CLIENT: Socket connection established to localhost/127.0.0.1:2181, initiating session
2015-01-08 03:27:11,182   INFO  [NIOServerCxn.Factory:/127.0.0.1:2181] ZK-SERVER: Accepted socket connection from /127.0.0.1:49344
2015-01-08 03:27:11,186   INFO  [NIOServerCxn.Factory:/127.0.0.1:2181] ZK-SERVER: Client attempting to establish new session at /127.0.0.1:49344
2015-01-08 03:27:11,210   INFO  [ZooKeeperServer] ZK-SERVER: Established session 0x19ca778fa9800000 with negotiated timeout 6000 for client /127.0.0.1:49344
2015-01-08 03:27:11,210   INFO  [main-SendThread(localhost:2181)] ZK-CLIENT: Session establishment complete on server localhost/127.0.0.1:2181, sessionid = 0x19ca778fa9800000, negotiated timeout = 6000
2015-01-08 03:27:11,260   INFO  [Socket Joiner] HOST: Attempting to bind to internal ip 0.0.0.0/0.0.0.0:3021
2015-01-08 03:27:11,295   INFO  [main] HOST: Host id of this node is: 0
2015-01-08 03:27:11,295   INFO  [main] CONSOLE: Host id of this node is: 0
2015-01-08 03:27:11,734   INFO  [main] HOST: URL of deployment: voltdbroot/deployment.xml
2015-01-08 03:27:11,762   INFO  [main] HOST: Dead host timeout set to 90000 milliseconds
2015-01-08 03:27:12,122   INFO  [main] HOST: Searching for license file located /Users/ito/realtime_battle/RealtimeBattleAlphaServer/db/voltdb/license.xml
2015-01-08 03:27:12,151   INFO  [Leader elector-/db/leaders/globalservice] HOST: Host 0 promoted to be the global service provider
2015-01-08 03:27:12,967   INFO  [main] EXPORT: System is not using any export functionality.
2015-01-08 03:27:12,981   INFO  [main] CONSOLE: Initializing the database. This may take a moment...
2015-01-08 03:27:13,049   INFO  [Iv2ExecutionSite: 0:0] HOST: Loading native VoltDB code (voltdb-5.0). A confirmation message will follow if the loading is successful.
2015-01-08 03:27:13,058   INFO  [Iv2ExecutionSite: 0:0] HOST: Successfully loaded native VoltDB library voltdb-5.0.
2015-01-08 03:27:13,060   WARN  [Iv2ExecutionSite: 0:0] DBBPOOL: Strict java memory checking is enabled, don't do release builds or performance runs with this enabled. Invoke "ant clean" and "ant -Djmemcheck=NO_MEMCHECK" to disable.
2015-01-08 03:27:13,087   INFO  [main] TM: Setting maximum size of MPI read pool to: 20
2015-01-08 03:27:13,158   INFO  [LeaderAppointer-Babysitters] TM: Appointing HSId 0:0 as leader for partition 0
2015-01-08 03:27:13,177   INFO  [LeaderCache] TM: SP 0:0 for partition 0 found (including self) 1 surviving replicas to repair.  Survivors: 0:0
2015-01-08 03:27:13,191   INFO  [LeaderCache] TM: SP 0:0 for partition 0 finished leader promotion. Took 22 ms.
2015-01-08 03:27:13,199   INFO  [LeaderCache] HOST: Mailbox is not registered for site id -4
2015-01-08 03:27:13,206   INFO  [LeaderCache] TM: MP 0:1 for partition 16383 found 1 surviving leaders to repair.  Survivors: 0:0
2015-01-08 03:27:13,207   INFO  [LeaderCache] TM: MP 0:1 for partition 16383 finished leader promotion. Took 8 ms.
2015-01-08 03:27:13,215   INFO  [LeaderCache] HOST: Mailbox is not registered for site id -4
2015-01-08 03:27:13,267   INFO  [main] HOST: Database start action is Create.
2015-01-08 03:27:13,317   INFO  [main] HOST: PID of this Volt process is 391
2015-01-08 03:27:13,317   INFO  [main] HOST: Listening for native wire protocol clients on port 21212.
2015-01-08 03:27:13,317   INFO  [main] HOST: Listening for admin wire protocol clients on port 21211.
2015-01-08 03:27:13,318   INFO  [main] HOST: Local machine HTTP monitoring is listening on port 2147483647.
2015-01-08 03:27:13,318   INFO  [main] HOST: Json API disabled.
2015-01-08 03:27:13,318   INFO  [main] HOST: Maximum usable Java heap set to 1981 mb.
2015-01-08 03:27:13,318   INFO  [main] HOST: Minimum required Java heap for catalog and server config is 404 MB.
2015-01-08 03:27:13,318   INFO  [main] HOST: Cluster has 1 hosts with leader hostname: "localhost". 1 sites per host. K = 0.
2015-01-08 03:27:13,318   INFO  [main] HOST: The entire cluster has 1 copy of 1 logical partition.
2015-01-08 03:27:13,318   INFO  [main] HOST: Detection of network partitions in the cluster is enabled.
2015-01-08 03:27:13,318   INFO  [main] HOST: Client authentication is not enabled. Anonymous clients accepted.
2015-01-08 03:27:13,318   INFO  [main] HOST: No schedule set for automated snapshots.
2015-01-08 03:27:13,318   INFO  [main] HOST: Using "voltdbroot" for voltdbroot directory.
2015-01-08 03:27:13,319   INFO  [main] HOST: CPU INFO:         4 Cores, 1 Sockets, 8 Hardware Threads
2015-01-08 03:27:13,319   INFO  [main] HOST: CPU DESC:         Intel Core i7 2.3 GHz 256 KB L2/core 6 MB L3
2015-01-08 03:27:13,319   INFO  [main] HOST: HOST MEMORY (MB): 8192
2015-01-08 03:27:13,319   INFO  [main] HOST: OS PROFILE:       Mac OS X 10.9.5 x86_64 ja_JP
2015-01-08 03:27:13,319   INFO  [main] HOST: JAVA VERSION:     1.7.0_45
2015-01-08 03:27:13,319   INFO  [main] HOST: JAVA RUNTIME:     Java(TM) SE Runtime Environment (1.7.0_45-b18)
2015-01-08 03:27:13,319   INFO  [main] HOST: JAVA VM:          Java HotSpot(TM) 64-Bit Server VM (24.45-b08, mixed mode)
2015-01-08 03:27:13,319   INFO  [main] HOST: About to list cluster interfaces for all nodes with format [ip1 ip2 ... ipN] client-port:admin-port:http-port
2015-01-08 03:27:13,319   INFO  [main] HOST:   Host id: 0 with interfaces: 192.168.0.38 21212,21211,2147483647 [SELF]
2015-01-08 03:27:13,320   WARN  [main] CONSOLE: This is not a highly available cluster. K-Safety is set to 0.
2015-01-08 03:27:13,320   WARN  [main] CONSOLE: Durability is turned off. Command logging is off.
2015-01-08 03:27:13,338   INFO  [SnapshotDaemon] LOGGING: This node was selected as the leader for snapshot truncation
2015-01-08 03:27:13,339   INFO  [Thread-7] HOST: Logging config info
2015-01-08 03:27:13,341   INFO  [SnapshotDaemon] LOGGING: Checking for existence of snapshot truncation request
2015-01-08 03:27:13,360   INFO  [Thread-8] CONSOLE: Server completed initialization.
2015-01-08 05:37:21,477   WARN  [Thread-0] CONSOLE: The VoltDB server will shut down due to a control-C or other JVM exit.
