#
# A fatal error has been detected by the Java Runtime Environment:
#
#  SIGSEGV (0xb) at pc=0x00007fff92ac0aa5, pid=1801, tid=40707
#
# JRE version: Java(TM) SE Runtime Environment (7.0_45-b18) (build 1.7.0_45-b18)
# Java VM: Java HotSpot(TM) 64-Bit Server VM (24.45-b08 mixed mode bsd-amd64 compressed oops)
# Problematic frame:
# C  [libsystem_c.dylib+0x5daa5]  __findenv+0x44
#
# Failed to write core dump. Core dumps have been disabled. To enable core dumping, try "ulimit -c unlimited" before starting Java again
#
# If you would like to submit a bug report, please visit:
#   http://bugreport.sun.com/bugreport/crash.jsp
# The crash happened outside the Java Virtual Machine in native code.
# See problematic frame for where to report the bug.
#

---------------  T H R E A D  ---------------

Current thread (0x00007fed6c80d800):  JavaThread "Iv2ExecutionSite: 0:2" [_thread_in_native, id=40707, stack(0x0000000118efa000,0x0000000118ffa000)]

siginfo:si_signo=SIGSEGV: si_errno=0, si_code=0 (SEGV0), si_addr=0x0000000000000000

Registers:
RAX=0x6000000000000000, RBX=0x00007fff92aeb0fa, RCX=0x00007fff92aeb0fa, RDX=0x00007fed69709440
RSP=0x0000000118ff8908, RBP=0x0000000118ff8910, RSI=0x0000000118ff8924, RDI=0x00007fff92aeb0fa
R8 =0x0000000000000002, R9 =0x00000000fffffffe, R10=0x00007fed69709440, R11=0x00000000fffffffe
R12=0x00007fff7d45b420, R13=0x0000000118ff906c, R14=0x0000000000000000, R15=0x0000000000000064
RIP=0x00007fff92ac0aa5, EFLAGS=0x0000000000010202, ERR=0x0000000000000000
  TRAPNO=0x000000000000000d

Top of Stack: (sp=0x0000000118ff8908)
0x0000000118ff8908:   00007fff92aeb0fa 0000000118ff8930
0x0000000118ff8918:   00007fff92ac0b17 9d007d91516a8fc1
0x0000000118ff8928:   00007fed6bbc5800 0000000118ff8d80
0x0000000118ff8938:   00007fff92ab75d0 0000000000000000
0x0000000118ff8948:   0000000000000000 0000000000000000
0x0000000118ff8958:   0000000000000000 0000000000000000
0x0000000118ff8968:   0000000118ff8c36 7ffffffd00000002
0x0000000118ff8978:   00000001ffff0208 0000000118ff8c34
0x0000000118ff8988:   000000007fffffff 0000000000000000
0x0000000118ff8998:   000000010b99b30c 0000000118ff8d98
0x0000000118ff89a8:   0000000118ff89b8 0000000000000000
0x0000000118ff89b8:   0000000000000000 0000000000000000
0x0000000118ff89c8:   0000000000000000 0000000118ff8890
0x0000000118ff89d8:   0000000000000000 0000000000000000
0x0000000118ff89e8:   58007fff7d45b420 9d007d91516a8fc1
0x0000000118ff89f8:   00007fff7d45b420 0000000000000000
0x0000000118ff8a08:   0000000000000000 0000000000000000
0x0000000118ff8a18:   0000000000000000 0000000000000000
0x0000000118ff8a28:   0000000000000000 0000000000000000
0x0000000118ff8a38:   5800000000000000 9d007d91516a8fc1
0x0000000118ff8a48:   00007fff7d45b420 00007fff92abaed0
0x0000000118ff8a58:   0000000000000000 00007fff92aeb339
0x0000000118ff8a68:   0000000118ff90b6 0000000118ff8b60
0x0000000118ff8a78:   00007fff92aa66ef 0000000000000000
0x0000000118ff8a88:   0000000000000000 0000000118ff8ed0
0x0000000118ff8a98:   000000000000003b 0000000000000002
0x0000000118ff8aa8:   00007fff92ae78d0 0000000000000000
0x0000000118ff8ab8:   0000000000000000 0000000000000000
0x0000000118ff8ac8:   0000000000000000 0000000000000000
0x0000000118ff8ad8:   0000000000000000 0000003000000020
0x0000000118ff8ae8:   0000000118ff8b20 0000000118ff8a30
0x0000000118ff8af8:   000000010cfff8f6 9d007d91516a8fc1 

Instructions: (pc=0x00007fff92ac0aa5)
0x00007fff92ac0a85:   02 48 85 c0 74 41 45 89 c8 41 29 f8 41 29 f9 41
0x00007fff92ac0a95:   f7 d9 49 89 d2 45 85 c0 45 89 cb 48 89 f9 74 15
0x00007fff92ac0aa5:   8a 18 84 db 74 14 3a 19 75 10 48 ff c0 48 ff c1
0x00007fff92ac0ab5:   41 ff c3 75 eb 80 38 3d 74 12 49 8b 42 08 49 83 

Register to memory mapping:

RAX=0x6000000000000000 is an unknown value
RBX=0x00007fff92aeb0fa: hexlist+0x42a in /usr/lib/system/libsystem_c.dylib at 0x00007fff92a63000
RCX=0x00007fff92aeb0fa: hexlist+0x42a in /usr/lib/system/libsystem_c.dylib at 0x00007fff92a63000
RDX=0x00007fed69709440 is an unknown value
RSP=0x0000000118ff8908 is pointing into the stack for thread: 0x00007fed6c80d800
RBP=0x0000000118ff8910 is pointing into the stack for thread: 0x00007fed6c80d800
RSI=0x0000000118ff8924 is pointing into the stack for thread: 0x00007fed6c80d800
RDI=0x00007fff92aeb0fa: hexlist+0x42a in /usr/lib/system/libsystem_c.dylib at 0x00007fff92a63000
R8 =0x0000000000000002 is an unknown value
R9 =0x00000000fffffffe is an unknown value
R10=0x00007fed69709440 is an unknown value
R11=0x00000000fffffffe is an unknown value
R12=0x00007fff7d45b420: __stack_chk_guard+0 in /usr/lib/system/libsystem_c.dylib at 0x00007fff92a63000
R13=0x0000000118ff906c is pointing into the stack for thread: 0x00007fed6c80d800
R14=0x0000000000000000 is an unknown value
R15=0x0000000000000064 is an unknown value


Stack: [0x0000000118efa000,0x0000000118ffa000],  sp=0x0000000118ff8908,  free space=1018k
Native frames: (J=compiled Java code, j=interpreted, Vv=VM code, C=native code)
C  [libsystem_c.dylib+0x5daa5]  __findenv+0x44
C  [libsystem_c.dylib+0x5db17]  getenv+0x1d
C  [libsystem_c.dylib+0x545d0]  _st_tzset_basic+0x32
C  [libsystem_c.dylib+0x56f0f]  strftime_l+0x43
C  [libc++.1.dylib+0x20c92]  std::__1::__time_get_storage<wchar_t>::__analyze(char, std::__1::ctype<wchar_t> const&)+0xf2
C  [libc++.1.dylib+0x21dc8]  std::__1::__time_get_storage<wchar_t>::init(std::__1::ctype<wchar_t> const&)+0x640
C  [libc++.1.dylib+0x15a8d]  std::__1::__time_get_storage<wchar_t>::__time_get_storage(std::__1::basic_string<char, std::__1::char_traits<char>, std::__1::allocator<char> > const&)+0x77
C  [libc++.1.dylib+0x17f23]  std::__1::locale::__imp::__imp(std::__1::basic_string<char, std::__1::char_traits<char>, std::__1::allocator<char> > const&, unsigned long)+0x6f3
C  [libc++.1.dylib+0x19782]  std::__1::locale::locale(char const*)+0x4a
C  [libvoltdb-4.8.jnilib+0x30391c]  voltdb::VoltDBEngine::VoltDBEngine(voltdb::Topend*, voltdb::LogProxy*)+0x35c
C  [libvoltdb-4.8.jnilib+0x13e8]  Java_org_voltdb_jni_ExecutionEngine_nativeCreate+0x88
j  org.voltdb.jni.ExecutionEngine.nativeCreate(Z)J+0
j  org.voltdb.jni.ExecutionEngineJNI.<init>(IJIILjava/lang/String;ILorg/voltdb/TheHashinator$HashinatorConfig;)V+123
j  org.voltdb.iv2.Site.initializeEE()Lorg/voltdb/jni/ExecutionEngine;+83
j  org.voltdb.iv2.Site.initialize()V+75
j  org.voltdb.iv2.Site.run()V+49
j  java.lang.Thread.run()V+11
v  ~StubRoutines::call_stub
V  [libjvm.dylib+0x2d6d90]  JavaCalls::call_helper(JavaValue*, methodHandle*, JavaCallArguments*, Thread*)+0x22a
V  [libjvm.dylib+0x2d72a7]  JavaCalls::call_virtual(JavaValue*, KlassHandle, Symbol*, Symbol*, JavaCallArguments*, Thread*)+0x11b
V  [libjvm.dylib+0x2d73e4]  JavaCalls::call_virtual(JavaValue*, Handle, KlassHandle, Symbol*, Symbol*, Thread*)+0x4a
V  [libjvm.dylib+0x3263ca]  thread_entry(JavaThread*, Thread*)+0xad
V  [libjvm.dylib+0x4efb47]  JavaThread::thread_main_inner()+0x9b
V  [libjvm.dylib+0x4f124f]  JavaThread::run()+0x1a3
V  [libjvm.dylib+0x41b1c6]  java_start(Thread*)+0x126
C  [libsystem_pthread.dylib+0x1899]  _pthread_body+0x8a
C  [libsystem_pthread.dylib+0x172a]  _pthread_struct_init+0x0
C  [libsystem_pthread.dylib+0x5fc9]  thread_start+0xd

Java frames: (J=compiled Java code, j=interpreted, Vv=VM code)
j  org.voltdb.jni.ExecutionEngine.nativeCreate(Z)J+0
j  org.voltdb.jni.ExecutionEngineJNI.<init>(IJIILjava/lang/String;ILorg/voltdb/TheHashinator$HashinatorConfig;)V+123
j  org.voltdb.iv2.Site.initializeEE()Lorg/voltdb/jni/ExecutionEngine;+83
j  org.voltdb.iv2.Site.initialize()V+75
j  org.voltdb.iv2.Site.run()V+49
j  java.lang.Thread.run()V+11
v  ~StubRoutines::call_stub

---------------  P R O C E S S  ---------------

Java Threads: ( => current thread )
  0x00007fed6bd67800 JavaThread "LeaderCache" daemon [_thread_blocked, id=48643, stack(0x0000000119232000,0x0000000119272000)]
  0x00007fed69c6c000 JavaThread "LeaderCache" daemon [_thread_blocked, id=48131, stack(0x00000001191ef000,0x000000011922f000)]
  0x00007fed6bd6a800 JavaThread "LeaderAppointer-Babysitters" daemon [_thread_blocked, id=47619, stack(0x0000000117fe3000,0x0000000118023000)]
  0x00007fed6b380800 JavaThread "RO MP Iv2ExecutionSite - 0:8 - 0" daemon [_thread_blocked, id=47107, stack(0x0000000118d0d000,0x0000000118d8d000)]
  0x00007fed6b3f7000 JavaThread "Iv2ExecutionSite: 0:8" [_thread_blocked, id=46595, stack(0x00000001190ec000,0x00000001191ec000)]
  0x00007fed6a2c5800 JavaThread "Iv2ExecutionSite: 0:7" [_thread_blocked, id=46083, stack(0x000000012ade4000,0x000000012aee4000)]
  0x00007fed6b3b9800 JavaThread "LeaderCache" daemon [_thread_blocked, id=45571, stack(0x000000012ada1000,0x000000012ade1000)]
  0x00007fed6bd6a000 JavaThread "Iv2ExecutionSite: 0:6" [_thread_blocked, id=45059, stack(0x0000000128b5d000,0x0000000128c5d000)]
  0x00007fed6b1dc800 JavaThread "LeaderCache" daemon [_thread_blocked, id=44547, stack(0x00000001192a3000,0x00000001192e3000)]
  0x00007fed6ba49000 JavaThread "Iv2ExecutionSite: 0:5" [_thread_blocked, id=44035, stack(0x0000000126959000,0x0000000126a59000)]
  0x00007fed69936000 JavaThread "LeaderCache" daemon [_thread_blocked, id=43523, stack(0x0000000119083000,0x00000001190c3000)]
  0x00007fed69b24000 JavaThread "Iv2ExecutionSite: 0:4" [_thread_blocked, id=43011, stack(0x0000000124755000,0x0000000124855000)]
  0x00007fed6bb25000 JavaThread "LeaderCache" daemon [_thread_blocked, id=42499, stack(0x0000000119040000,0x0000000119080000)]
  0x00007fed6b1ad800 JavaThread "Iv2ExecutionSite: 0:3" [_thread_in_native, id=41987, stack(0x0000000122551000,0x0000000122651000)]
  0x00007fed6b3f8000 JavaThread "LeaderCache" daemon [_thread_blocked, id=41475, stack(0x0000000118ffd000,0x000000011903d000)]
=>0x00007fed6c80d800 JavaThread "Iv2ExecutionSite: 0:2" [_thread_in_native, id=40707, stack(0x0000000118efa000,0x0000000118ffa000)]
  0x00007fed69ba0800 JavaThread "LeaderCache" daemon [_thread_blocked, id=40195, stack(0x0000000118c8b000,0x0000000118ccb000)]
  0x00007fed69932800 JavaThread "Iv2ExecutionSite: 0:1" [_thread_in_native, id=39683, stack(0x0000000118dc9000,0x0000000118ec9000)]
  0x00007fed69b73000 JavaThread "LeaderCache" daemon [_thread_blocked, id=39171, stack(0x000000011811d000,0x000000011815d000)]
  0x00007fed6b9ca800 JavaThread "Iv2ExecutionSite: 0:0" [_thread_blocked, id=38659, stack(0x0000000118773000,0x0000000118873000)]
  0x00007fed6b995000 JavaThread "Periodic Priority Work" daemon [_thread_blocked, id=38147, stack(0x00000001180da000,0x000000011811a000)]
  0x00007fed69966800 JavaThread "LeaderCache" daemon [_thread_blocked, id=37639, stack(0x0000000118097000,0x00000001180d7000)]
  0x00007fed69c77000 JavaThread "process reaper" daemon [_thread_blocked, id=37123, stack(0x0000000117dcc000,0x0000000117df4000)]
  0x00007fed69c96800 JavaThread "qtp262542703-34 Acceptor0 SocketConnector@0.0.0.0:8080" [_thread_in_native, id=36611, stack(0x0000000118b88000,0x0000000118c88000)]
  0x00007fed6b84a800 JavaThread "MpInitiator send" [_thread_blocked, id=36099, stack(0x0000000118b5d000,0x0000000118b85000)]
  0x00007fed6b80d000 JavaThread "MpInitiator deliver" [_thread_blocked, id=35587, stack(0x0000000118b32000,0x0000000118b5a000)]
  0x00007fed6a121800 JavaThread "LeaderCache" daemon [_thread_blocked, id=35075, stack(0x0000000118aef000,0x0000000118b2f000)]
  0x00007fed6a0a1000 JavaThread "LeaderCache" daemon [_thread_blocked, id=34563, stack(0x0000000118aac000,0x0000000118aec000)]
  0x00007fed6a02a000 JavaThread "LeaderCache" daemon [_thread_blocked, id=34051, stack(0x0000000118a69000,0x0000000118aa9000)]
  0x00007fed6ba6f000 JavaThread "LeaderCache" daemon [_thread_blocked, id=33539, stack(0x0000000118a26000,0x0000000118a66000)]
  0x00007fed6b1cd000 JavaThread "LeaderCache" daemon [_thread_blocked, id=33027, stack(0x00000001189e3000,0x0000000118a23000)]
  0x00007fed6b1cc000 JavaThread "LeaderCache" daemon [_thread_blocked, id=32515, stack(0x00000001189a0000,0x00000001189e0000)]
  0x00007fed69ad1000 JavaThread "LeaderCache" daemon [_thread_blocked, id=32003, stack(0x000000011895d000,0x000000011899d000)]
  0x00007fed69ad0000 JavaThread "LeaderCache" daemon [_thread_blocked, id=31491, stack(0x000000011891a000,0x000000011895a000)]
  0x00007fed69a64800 JavaThread "LeaderCache" daemon [_thread_blocked, id=30979, stack(0x00000001188d7000,0x0000000118917000)]
  0x00007fed6a1f5800 JavaThread "LeaderCache" daemon [_thread_blocked, id=30467, stack(0x0000000118894000,0x00000001188d4000)]
  0x00007fed69a64000 JavaThread "LeaderCache" daemon [_thread_blocked, id=29955, stack(0x0000000118054000,0x0000000118094000)]
  0x00007fed69b4d800 JavaThread "Leader elector-/db/leaders/globalservice" daemon [_thread_blocked, id=29443, stack(0x0000000117d4c000,0x0000000117d8c000)]
  0x00007fed6ba11000 JavaThread "main-EventThread" daemon [_thread_blocked, id=28931, stack(0x0000000118670000,0x0000000118770000)]
  0x00007fed6b8e6800 JavaThread "main-SendThread(localhost:2181)" daemon [_thread_in_native, id=28419, stack(0x000000011856d000,0x000000011866d000)]
  0x00007fed6a0f2800 JavaThread "ZooKeeperServer" [_thread_blocked, id=27907, stack(0x000000011846a000,0x000000011856a000)]
  0x00007fed69b30800 JavaThread "NIOServerCxn.Factory:/127.0.0.1:2181" daemon [_thread_in_native, id=27395, stack(0x0000000118367000,0x0000000118467000)]
  0x00007fed6b052000 JavaThread "Volt Server Network - 1" daemon [_thread_in_native, id=26883, stack(0x0000000118264000,0x0000000118364000)]
  0x00007fed6b05d800 JavaThread "Volt Server Network - 0" daemon [_thread_in_native, id=26371, stack(0x0000000118161000,0x0000000118261000)]
  0x00007fed6a123800 JavaThread "Socket Joiner" daemon [_thread_in_native, id=25859, stack(0x0000000117b72000,0x0000000117bb2000)]
  0x00007fed6999c800 JavaThread "Async Logger" daemon [_thread_blocked, id=25351, stack(0x0000000117e07000,0x0000000117e47000)]
  0x00007fed6a01a800 JavaThread "Service Thread" daemon [_thread_blocked, id=23299, stack(0x00000001176b5000,0x00000001177b5000)]
  0x00007fed6b003000 JavaThread "C2 CompilerThread1" daemon [_thread_blocked, id=22787, stack(0x00000001175b2000,0x00000001176b2000)]
  0x00007fed6a019800 JavaThread "C2 CompilerThread0" daemon [_thread_blocked, id=22275, stack(0x00000001174af000,0x00000001175af000)]
  0x00007fed6a001000 JavaThread "Signal Dispatcher" daemon [_thread_blocked, id=21763, stack(0x00000001173ac000,0x00000001174ac000)]
  0x00007fed6b816000 JavaThread "Surrogate Locker Thread (Concurrent GC)" daemon [_thread_blocked, id=21023, stack(0x00000001172a9000,0x00000001173a9000)]
  0x00007fed6a014000 JavaThread "Finalizer" daemon [_thread_blocked, id=16131, stack(0x000000011707e000,0x000000011717e000)]
  0x00007fed6b80b800 JavaThread "Reference Handler" daemon [_thread_blocked, id=15619, stack(0x0000000116f7b000,0x000000011707b000)]
  0x00007fed6b801800 JavaThread "main" [_thread_blocked, id=6403, stack(0x000000010ba87000,0x000000010bb87000)]

Other Threads:
  0x00007fed69907000 VMThread [stack: 0x0000000116e78000,0x0000000116f78000] [id=15107]
  0x00007fed6a019000 WatcherThread [stack: 0x00000001177b8000,0x00000001178b8000] [id=23811]

VM state:not at safepoint (normal execution)

VM Mutex/Monitor currently owned by a thread: None

Heap
 par new generation   total 39296K, used 13654K [0x000000077ae00000, 0x000000077d8a0000, 0x00000007a4790000)
  eden space 34944K,  31% used [0x000000077ae00000, 0x000000077b8ce638, 0x000000077d020000)
  from space 4352K,  59% used [0x000000077d020000, 0x000000077d2a7538, 0x000000077d460000)
  to   space 4352K,   0% used [0x000000077d460000, 0x000000077d460000, 0x000000077d8a0000)
 concurrent mark-sweep generation total 87424K, used 57790K [0x00000007a4790000, 0x00000007a9cf0000, 0x00000007fae00000)
 concurrent-mark-sweep perm gen total 65536K, used 24691K [0x00000007fae00000, 0x00000007fee00000, 0x0000000800000000)

Card table byte_map: [0x0000000110f2b000,0x0000000111355000] byte_map_base: 0x000000010d354000

Polling page: 0x000000010bbc6000

Code Cache  [0x000000010d653000, 0x000000010d8c3000, 0x0000000110653000)
 total_blobs=756 nmethods=306 adapters=404 free_code_cache=47988Kb largest_free_block=49096896

Compilation events (10 events):
Event: 10.723 Thread 0x00007fed6a019800 nmethod 309 0x000000010d729e10 code [0x000000010d729f60, 0x000000010d72a058]
Event: 10.723 Thread 0x00007fed6b003000 nmethod 310 0x000000010d6daf90 code [0x000000010d6db0e0, 0x000000010d6db278]
Event: 10.765 Thread 0x00007fed6a019800  311             java.lang.System::getSecurityManager (4 bytes)
Event: 10.765 Thread 0x00007fed6b003000  312             sun.nio.cs.US_ASCII$Encoder::encode (107 bytes)
Event: 10.765 Thread 0x00007fed6a019800 nmethod 311 0x000000010d71ca90 code [0x000000010d71cbc0, 0x000000010d71cc18]
Event: 10.768 Thread 0x00007fed6b003000 nmethod 312 0x000000010d7292d0 code [0x000000010d729440, 0x000000010d729718]
Event: 10.797 Thread 0x00007fed6a019800  313             java.util.HashMap$HashIterator::nextEntry (99 bytes)
Event: 10.799 Thread 0x00007fed6a019800 nmethod 313 0x000000010d732e10 code [0x000000010d732f60, 0x000000010d7331d8]
Event: 10.810 Thread 0x00007fed6b003000  314             java.nio.Buffer::remaining (10 bytes)
Event: 10.810 Thread 0x00007fed6b003000 nmethod 314 0x000000010d71c890 code [0x000000010d71c9c0, 0x000000010d71ca18]

GC Heap History (10 events):
Event: 10.105 GC heap before
{Heap before GC invocations=4 (full 0):
 par new generation   total 39296K, used 29882K [0x000000077ae00000, 0x000000077d8a0000, 0x00000007a4790000)
  eden space 34944K,  82% used [0x000000077ae00000, 0x000000077ca466e8, 0x000000077d020000)
  from space 4352K,  21% used [0x000000077d020000, 0x000000077d108378, 0x000000077d460000)
  to   space 4352K,   0% used [0x000000077d460000, 0x000000077d460000, 0x000000077d8a0000)
 concurrent mark-sweep generation total 87424K, used 56022K [0x00000007a4790000, 0x00000007a9cf0000, 0x00000007fae00000)
 concurrent-mark-sweep perm gen total 65536K, used 21868K [0x00000007fae00000, 0x00000007fee00000, 0x0000000800000000)
Event: 10.108 GC heap after
Heap after GC invocations=5 (full 0):
 par new generation   total 39296K, used 4352K [0x000000077ae00000, 0x000000077d8a0000, 0x00000007a4790000)
  eden space 34944K,   0% used [0x000000077ae00000, 0x000000077ae00000, 0x000000077d020000)
  from space 4352K, 100% used [0x000000077d460000, 0x000000077d8a0000, 0x000000077d8a0000)
  to   space 4352K,   0% used [0x000000077d020000, 0x000000077d020000, 0x000000077d460000)
 concurrent mark-sweep generation total 87424K, used 56278K [0x00000007a4790000, 0x00000007a9cf0000, 0x00000007fae00000)
 concurrent-mark-sweep perm gen total 65536K, used 21868K [0x00000007fae00000, 0x00000007fee00000, 0x0000000800000000)
}
Event: 10.533 GC heap before
{Heap before GC invocations=5 (full 0):
 par new generation   total 39296K, used 39210K [0x000000077ae00000, 0x000000077d8a0000, 0x00000007a4790000)
  eden space 34944K,  99% used [0x000000077ae00000, 0x000000077d00a888, 0x000000077d020000)
  from space 4352K, 100% used [0x000000077d460000, 0x000000077d8a0000, 0x000000077d8a0000)
  to   space 4352K,   0% used [0x000000077d020000, 0x000000077d020000, 0x000000077d460000)
 concurrent mark-sweep generation total 87424K, used 56278K [0x00000007a4790000, 0x00000007a9cf0000, 0x00000007fae00000)
 concurrent-mark-sweep perm gen total 65536K, used 23652K [0x00000007fae00000, 0x00000007fee00000, 0x0000000800000000)
Event: 10.536 GC heap after
Heap after GC invocations=6 (full 0):
 par new generation   total 39296K, used 2974K [0x000000077ae00000, 0x000000077d8a0000, 0x00000007a4790000)
  eden space 34944K,   0% used [0x000000077ae00000, 0x000000077ae00000, 0x000000077d020000)
  from space 4352K,  68% used [0x000000077d020000, 0x000000077d307a10, 0x000000077d460000)
  to   space 4352K,   0% used [0x000000077d460000, 0x000000077d460000, 0x000000077d8a0000)
 concurrent mark-sweep generation total 87424K, used 56365K [0x00000007a4790000, 0x00000007a9cf0000, 0x00000007fae00000)
 concurrent-mark-sweep perm gen total 65536K, used 23652K [0x00000007fae00000, 0x00000007fee00000, 0x0000000800000000)
}
Event: 10.565 GC heap before
{Heap before GC invocations=6 (full 0):
 par new generation   total 39296K, used 34588K [0x000000077ae00000, 0x000000077d8a0000, 0x00000007a4790000)
  eden space 34944K,  90% used [0x000000077ae00000, 0x000000077ccdf8d8, 0x000000077d020000)
  from space 4352K,  68% used [0x000000077d020000, 0x000000077d307a10, 0x000000077d460000)
  to   space 4352K,   0% used [0x000000077d460000, 0x000000077d460000, 0x000000077d8a0000)
 concurrent mark-sweep generation total 87424K, used 56365K [0x00000007a4790000, 0x00000007a9cf0000, 0x00000007fae00000)
 concurrent-mark-sweep perm gen total 65536K, used 23686K [0x00000007fae00000, 0x00000007fee00000, 0x0000000800000000)
Event: 10.568 GC heap after
Heap after GC invocations=7 (full 0):
 par new generation   total 39296K, used 4352K [0x000000077ae00000, 0x000000077d8a0000, 0x00000007a4790000)
  eden space 34944K,   0% used [0x000000077ae00000, 0x000000077ae00000, 0x000000077d020000)
  from space 4352K, 100% used [0x000000077d460000, 0x000000077d8a0000, 0x000000077d8a0000)
  to   space 4352K,   0% used [0x000000077d020000, 0x000000077d020000, 0x000000077d460000)
 concurrent mark-sweep generation total 87424K, used 57682K [0x00000007a4790000, 0x00000007a9cf0000, 0x00000007fae00000)
 concurrent-mark-sweep perm gen total 65536K, used 23686K [0x00000007fae00000, 0x00000007fee00000, 0x0000000800000000)
}
Event: 10.573 GC heap before
{Heap before GC invocations=7 (full 0):
 par new generation   total 39296K, used 37265K [0x000000077ae00000, 0x000000077d8a0000, 0x00000007a4790000)
  eden space 34944K,  94% used [0x000000077ae00000, 0x000000077ce24598, 0x000000077d020000)
  from space 4352K, 100% used [0x000000077d460000, 0x000000077d8a0000, 0x000000077d8a0000)
  to   space 4352K,   0% used [0x000000077d020000, 0x000000077d020000, 0x000000077d460000)
 concurrent mark-sweep generation total 87424K, used 57682K [0x00000007a4790000, 0x00000007a9cf0000, 0x00000007fae00000)
 concurrent-mark-sweep perm gen total 65536K, used 23686K [0x00000007fae00000, 0x00000007fee00000, 0x0000000800000000)
Event: 10.574 GC heap after
Heap after GC invocations=8 (full 0):
 par new generation   total 39296K, used 67K [0x000000077ae00000, 0x000000077d8a0000, 0x00000007a4790000)
  eden space 34944K,   0% used [0x000000077ae00000, 0x000000077ae00000, 0x000000077d020000)
  from space 4352K,   1% used [0x000000077d020000, 0x000000077d030d90, 0x000000077d460000)
  to   space 4352K,   0% used [0x000000077d460000, 0x000000077d460000, 0x000000077d8a0000)
 concurrent mark-sweep generation total 87424K, used 57786K [0x00000007a4790000, 0x00000007a9cf0000, 0x00000007fae00000)
 concurrent-mark-sweep perm gen total 65536K, used 23686K [0x00000007fae00000, 0x00000007fee00000, 0x0000000800000000)
}
Event: 10.577 GC heap before
{Heap before GC invocations=8 (full 0):
 par new generation   total 39296K, used 28834K [0x000000077ae00000, 0x000000077d8a0000, 0x00000007a4790000)
  eden space 34944K,  82% used [0x000000077ae00000, 0x000000077ca17d50, 0x000000077d020000)
  from space 4352K,   1% used [0x000000077d020000, 0x000000077d030d90, 0x000000077d460000)
  to   space 4352K,   0% used [0x000000077d460000, 0x000000077d460000, 0x000000077d8a0000)
 concurrent mark-sweep generation total 87424K, used 57786K [0x00000007a4790000, 0x00000007a9cf0000, 0x00000007fae00000)
 concurrent-mark-sweep perm gen total 65536K, used 23686K [0x00000007fae00000, 0x00000007fee00000, 0x0000000800000000)
Event: 10.578 GC heap after
Heap after GC invocations=9 (full 0):
 par new generation   total 39296K, used 4138K [0x000000077ae00000, 0x000000077d8a0000, 0x00000007a4790000)
  eden space 34944K,   0% used [0x000000077ae00000, 0x000000077ae00000, 0x000000077d020000)
  from space 4352K,  95% used [0x000000077d460000, 0x000000077d86aa10, 0x000000077d8a0000)
  to   space 4352K,   0% used [0x000000077d020000, 0x000000077d020000, 0x000000077d460000)
 concurrent mark-sweep generation total 87424K, used 57786K [0x00000007a4790000, 0x00000007a9cf0000, 0x00000007fae00000)
 concurrent-mark-sweep perm gen total 65536K, used 23686K [0x00000007fae00000, 0x00000007fee00000, 0x0000000800000000)
}

Deoptimization events (10 events):
Event: 10.310 Thread 0x00007fed6b801800 Uncommon trap: reason=class_check action=maybe_recompile pc=0x000000010d7469f0 method=java.util.TimSort.countRunAndMakeAscending([Ljava/lang/Object;IILjava/util/Comparator;)I @ 43
Event: 10.311 Thread 0x00007fed6b801800 Uncommon trap: reason=class_check action=maybe_recompile pc=0x000000010d7469f0 method=java.util.TimSort.countRunAndMakeAscending([Ljava/lang/Object;IILjava/util/Comparator;)I @ 43
Event: 10.311 Thread 0x00007fed6b801800 Uncommon trap: reason=class_check action=maybe_recompile pc=0x000000010d7469f0 method=java.util.TimSort.countRunAndMakeAscending([Ljava/lang/Object;IILjava/util/Comparator;)I @ 43
Event: 10.368 Thread 0x00007fed6b8e6800 Uncommon trap: reason=predicate action=maybe_recompile pc=0x000000010d76ad00 method=java.util.Arrays.fill([Ljava/lang/Object;Ljava/lang/Object;)V @ 10
Event: 10.386 Thread 0x00007fed6b801800 Uncommon trap: reason=class_check action=maybe_recompile pc=0x000000010d7469f0 method=java.util.TimSort.countRunAndMakeAscending([Ljava/lang/Object;IILjava/util/Comparator;)I @ 43
Event: 10.460 Thread 0x00007fed6b801800 Uncommon trap: reason=unreached action=reinterpret pc=0x000000010d71f070 method=java.util.TreeSet.add(Ljava/lang/Object;)Z @ 13
Event: 10.549 Thread 0x00007fed6b801800 Uncommon trap: reason=bimorphic action=maybe_recompile pc=0x000000010d6d4834 method=java.util.regex.Pattern$Start.match(Ljava/util/regex/Matcher;ILjava/lang/CharSequence;)Z @ 44
Event: 10.549 Thread 0x00007fed6b801800 Uncommon trap: reason=bimorphic action=maybe_recompile pc=0x000000010d6d4834 method=java.util.regex.Pattern$Start.match(Ljava/util/regex/Matcher;ILjava/lang/CharSequence;)Z @ 44
Event: 10.549 Thread 0x00007fed6b801800 Uncommon trap: reason=bimorphic action=maybe_recompile pc=0x000000010d6d4834 method=java.util.regex.Pattern$Start.match(Ljava/util/regex/Matcher;ILjava/lang/CharSequence;)Z @ 44
Event: 10.549 Thread 0x00007fed6b801800 Uncommon trap: reason=bimorphic action=maybe_recompile pc=0x000000010d6d4834 method=java.util.regex.Pattern$Start.match(Ljava/util/regex/Matcher;ILjava/lang/CharSequence;)Z @ 44

Internal exceptions (10 events):
Event: 10.828 Thread 0x00007fed6b801800 Threw 0x000000077cc04df0 at /HUDSON/workspace/7u-2-build-macosx-x86_64/jdk7u45/229/hotspot/src/share/vm/prims/jvm.cpp:1244
Event: 10.828 Thread 0x00007fed6b801800 Threw 0x000000077cc07778 at /HUDSON/workspace/7u-2-build-macosx-x86_64/jdk7u45/229/hotspot/src/share/vm/prims/jvm.cpp:1244
Event: 10.828 Thread 0x00007fed6b801800 Threw 0x000000077cc092d0 at /HUDSON/workspace/7u-2-build-macosx-x86_64/jdk7u45/229/hotspot/src/share/vm/prims/jvm.cpp:1244
Event: 10.828 Thread 0x00007fed6b801800 Threw 0x000000077cc0bc60 at /HUDSON/workspace/7u-2-build-macosx-x86_64/jdk7u45/229/hotspot/src/share/vm/prims/jvm.cpp:1244
Event: 10.829 Thread 0x00007fed6b801800 Threw 0x000000077cc1e420 at /HUDSON/workspace/7u-2-build-macosx-x86_64/jdk7u45/229/hotspot/src/share/vm/prims/jvm.cpp:1244
Event: 10.829 Thread 0x00007fed6b801800 Threw 0x000000077cc21200 at /HUDSON/workspace/7u-2-build-macosx-x86_64/jdk7u45/229/hotspot/src/share/vm/prims/jvm.cpp:1244
Event: 10.830 Thread 0x00007fed6b801800 Threw 0x000000077cc30ba0 at /HUDSON/workspace/7u-2-build-macosx-x86_64/jdk7u45/229/hotspot/src/share/vm/prims/jvm.cpp:1244
Event: 10.830 Thread 0x00007fed6b801800 Threw 0x000000077cc33a98 at /HUDSON/workspace/7u-2-build-macosx-x86_64/jdk7u45/229/hotspot/src/share/vm/prims/jvm.cpp:1244
Event: 10.830 Thread 0x00007fed6b801800 Threw 0x000000077cc35700 at /HUDSON/workspace/7u-2-build-macosx-x86_64/jdk7u45/229/hotspot/src/share/vm/prims/jvm.cpp:1244
Event: 10.830 Thread 0x00007fed6b801800 Threw 0x000000077cc383c8 at /HUDSON/workspace/7u-2-build-macosx-x86_64/jdk7u45/229/hotspot/src/share/vm/prims/jvm.cpp:1244

Events (10 events):
Event: 10.828 loading class 0x00007fed6ac28390 done
Event: 10.829 loading class 0x00007fed6ac28a50
Event: 10.829 loading class 0x00007fed6ac28a50 done
Event: 10.830 loading class 0x00007fed69592ea0
Event: 10.830 loading class 0x00007fed69592ea0 done
Event: 10.830 loading class 0x00007fed69592ee0
Event: 10.830 loading class 0x00007fed69592ee0 done
Event: 10.830 Thread 0x00007fed6b1ad800 Thread added: 0x00007fed6b1ad800
Event: 10.831 Executing VM operation: RevokeBias
Event: 10.831 Executing VM operation: RevokeBias done


Dynamic libraries:
0x000000000c908000 	/System/Library/Frameworks/Cocoa.framework/Versions/A/Cocoa
0x000000000c908000 	/System/Library/Frameworks/Security.framework/Versions/A/Security
0x000000000c908000 	/System/Library/Frameworks/ApplicationServices.framework/Versions/A/ApplicationServices
0x000000000c908000 	/usr/lib/libz.1.dylib
0x000000000c908000 	/usr/lib/libSystem.B.dylib
0x000000000c908000 	/usr/lib/libobjc.A.dylib
0x000000000c908000 	/System/Library/Frameworks/CoreFoundation.framework/Versions/A/CoreFoundation
0x000000000c908000 	/System/Library/Frameworks/Foundation.framework/Versions/C/Foundation
0x000000000c908000 	/System/Library/Frameworks/AppKit.framework/Versions/C/AppKit
0x000000000c908000 	/System/Library/Frameworks/CoreData.framework/Versions/A/CoreData
0x000000000c908000 	/System/Library/PrivateFrameworks/RemoteViewServices.framework/Versions/A/RemoteViewServices
0x000000000c908000 	/System/Library/Frameworks/AudioToolbox.framework/Versions/A/AudioToolbox
0x000000000c908000 	/System/Library/Frameworks/AudioUnit.framework/Versions/A/AudioUnit
0x000000000c908000 	/System/Library/PrivateFrameworks/DataDetectorsCore.framework/Versions/A/DataDetectorsCore
0x000000000c908000 	/System/Library/PrivateFrameworks/DesktopServicesPriv.framework/Versions/A/DesktopServicesPriv
0x000000000c908000 	/System/Library/Frameworks/Carbon.framework/Versions/A/Frameworks/HIToolbox.framework/Versions/A/HIToolbox
0x000000000c908000 	/System/Library/Frameworks/QuartzCore.framework/Versions/A/QuartzCore
0x000000000c908000 	/System/Library/Frameworks/Carbon.framework/Versions/A/Frameworks/SpeechRecognition.framework/Versions/A/SpeechRecognition
0x000000000c908000 	/usr/lib/libauto.dylib
0x000000000c908000 	/usr/lib/libicucore.A.dylib
0x000000000c908000 	/usr/lib/libxml2.2.dylib
0x000000000c908000 	/System/Library/PrivateFrameworks/CoreUI.framework/Versions/A/CoreUI
0x000000000c908000 	/System/Library/Frameworks/CoreAudio.framework/Versions/A/CoreAudio
0x000000000c908000 	/System/Library/Frameworks/DiskArbitration.framework/Versions/A/DiskArbitration
0x000000000c908000 	/usr/lib/liblangid.dylib
0x000000000c908000 	/System/Library/PrivateFrameworks/MultitouchSupport.framework/Versions/A/MultitouchSupport
0x000000000c908000 	/System/Library/Frameworks/IOKit.framework/Versions/A/IOKit
0x000000000c908000 	/usr/lib/libDiagnosticMessagesClient.dylib
0x000000000c908000 	/System/Library/Frameworks/CoreServices.framework/Versions/A/CoreServices
0x000000000c908000 	/System/Library/PrivateFrameworks/PerformanceAnalysis.framework/Versions/A/PerformanceAnalysis
0x000000000c908000 	/System/Library/PrivateFrameworks/GenerationalStorage.framework/Versions/A/GenerationalStorage
0x000000000c908000 	/System/Library/Frameworks/OpenGL.framework/Versions/A/OpenGL
0x000000000c908000 	/System/Library/PrivateFrameworks/Sharing.framework/Versions/A/Sharing
0x000000000c908000 	/System/Library/Frameworks/ImageIO.framework/Versions/A/ImageIO
0x000000000c908000 	/System/Library/Frameworks/CoreText.framework/Versions/A/CoreText
0x000000000c908000 	/System/Library/Frameworks/CoreGraphics.framework/Versions/A/CoreGraphics
0x000000000c908000 	/System/Library/PrivateFrameworks/Backup.framework/Versions/A/Backup
0x000000000c908000 	/System/Library/Frameworks/CFNetwork.framework/Versions/A/CFNetwork
0x000000000c908000 	/System/Library/Frameworks/SystemConfiguration.framework/Versions/A/SystemConfiguration
0x000000000c908000 	/usr/lib/libCRFSuite.dylib
0x000000000c908000 	/usr/lib/libc++.1.dylib
0x000000000c908000 	/usr/lib/libc++abi.dylib
0x000000000c908000 	/usr/lib/system/libcache.dylib
0x000000000c908000 	/usr/lib/system/libcommonCrypto.dylib
0x000000000c908000 	/usr/lib/system/libcompiler_rt.dylib
0x000000000c908000 	/usr/lib/system/libcopyfile.dylib
0x000000000c908000 	/usr/lib/system/libcorecrypto.dylib
0x000000000c908000 	/usr/lib/system/libdispatch.dylib
0x000000000c908000 	/usr/lib/system/libdyld.dylib
0x000000000c908000 	/usr/lib/system/libkeymgr.dylib
0x000000000c908000 	/usr/lib/system/liblaunch.dylib
0x000000000c908000 	/usr/lib/system/libmacho.dylib
0x000000000c908000 	/usr/lib/system/libquarantine.dylib
0x000000000c908000 	/usr/lib/system/libremovefile.dylib
0x000000000c908000 	/usr/lib/system/libsystem_asl.dylib
0x000000000c908000 	/usr/lib/system/libsystem_blocks.dylib
0x000000000c908000 	/usr/lib/system/libsystem_c.dylib
0x000000000c908000 	/usr/lib/system/libsystem_configuration.dylib
0x000000000c908000 	/usr/lib/system/libsystem_dnssd.dylib
0x000000000c908000 	/usr/lib/system/libsystem_info.dylib
0x000000000c908000 	/usr/lib/system/libsystem_kernel.dylib
0x000000000c908000 	/usr/lib/system/libsystem_m.dylib
0x000000000c908000 	/usr/lib/system/libsystem_malloc.dylib
0x000000000c908000 	/usr/lib/system/libsystem_network.dylib
0x000000000c908000 	/usr/lib/system/libsystem_notify.dylib
0x000000000c908000 	/usr/lib/system/libsystem_platform.dylib
0x000000000c908000 	/usr/lib/system/libsystem_pthread.dylib
0x000000000c908000 	/usr/lib/system/libsystem_sandbox.dylib
0x000000000c908000 	/usr/lib/system/libsystem_stats.dylib
0x000000000c908000 	/usr/lib/system/libunc.dylib
0x000000000c908000 	/usr/lib/system/libunwind.dylib
0x000000000c908000 	/usr/lib/system/libxpc.dylib
0x000000000c908000 	/usr/lib/libbsm.0.dylib
0x000000000c908000 	/usr/lib/libsqlite3.dylib
0x000000000c908000 	/usr/lib/libxar.1.dylib
0x000000000c908000 	/usr/lib/libpam.2.dylib
0x000000000c908000 	/usr/lib/libOpenScriptingUtil.dylib
0x000000000c908000 	/usr/lib/libbz2.1.0.dylib
0x000000000c908000 	/System/Library/Frameworks/CoreServices.framework/Versions/A/Frameworks/CarbonCore.framework/Versions/A/CarbonCore
0x000000000c908000 	/System/Library/Frameworks/CoreServices.framework/Versions/A/Frameworks/Metadata.framework/Versions/A/Metadata
0x000000000c908000 	/System/Library/Frameworks/CoreServices.framework/Versions/A/Frameworks/OSServices.framework/Versions/A/OSServices
0x000000000c908000 	/System/Library/Frameworks/CoreServices.framework/Versions/A/Frameworks/SearchKit.framework/Versions/A/SearchKit
0x000000000c908000 	/System/Library/Frameworks/CoreServices.framework/Versions/A/Frameworks/AE.framework/Versions/A/AE
0x000000000c908000 	/System/Library/Frameworks/CoreServices.framework/Versions/A/Frameworks/LaunchServices.framework/Versions/A/LaunchServices
0x000000000c908000 	/System/Library/Frameworks/CoreServices.framework/Versions/A/Frameworks/DictionaryServices.framework/Versions/A/DictionaryServices
0x000000000c908000 	/System/Library/Frameworks/NetFS.framework/Versions/A/NetFS
0x000000000c908000 	/usr/lib/system/libkxld.dylib
0x000000000c908000 	/System/Library/PrivateFrameworks/NetAuth.framework/Versions/A/NetAuth
0x000000000c908000 	/System/Library/PrivateFrameworks/TCC.framework/Versions/A/TCC
0x000000000c908000 	/System/Library/Frameworks/OpenDirectory.framework/Versions/A/Frameworks/CFOpenDirectory.framework/Versions/A/CFOpenDirectory
0x000000000c908000 	/System/Library/Frameworks/ServiceManagement.framework/Versions/A/ServiceManagement
0x000000000c908000 	/usr/lib/libxslt.1.dylib
0x000000000c908000 	/System/Library/Frameworks/Carbon.framework/Versions/A/Frameworks/Ink.framework/Versions/A/Ink
0x000000000c908000 	/System/Library/Frameworks/ApplicationServices.framework/Versions/A/Frameworks/ATS.framework/Versions/A/ATS
0x000000000c908000 	/System/Library/Frameworks/ApplicationServices.framework/Versions/A/Frameworks/ColorSync.framework/Versions/A/ColorSync
0x000000000c908000 	/System/Library/Frameworks/ApplicationServices.framework/Versions/A/Frameworks/HIServices.framework/Versions/A/HIServices
0x000000000c908000 	/System/Library/Frameworks/ApplicationServices.framework/Versions/A/Frameworks/LangAnalysis.framework/Versions/A/LangAnalysis
0x000000000c908000 	/System/Library/Frameworks/ApplicationServices.framework/Versions/A/Frameworks/PrintCore.framework/Versions/A/PrintCore
0x000000000c908000 	/System/Library/Frameworks/ApplicationServices.framework/Versions/A/Frameworks/QD.framework/Versions/A/QD
0x000000000c908000 	/System/Library/Frameworks/ApplicationServices.framework/Versions/A/Frameworks/SpeechSynthesis.framework/Versions/A/SpeechSynthesis
0x000000000c908000 	/System/Library/Frameworks/IOSurface.framework/Versions/A/IOSurface
0x000000000c908000 	/System/Library/Frameworks/Accelerate.framework/Versions/A/Accelerate
0x000000000c908000 	/System/Library/Frameworks/Accelerate.framework/Versions/A/Frameworks/vImage.framework/Versions/A/vImage
0x000000000c908000 	/System/Library/Frameworks/Accelerate.framework/Versions/A/Frameworks/vecLib.framework/Versions/A/vecLib
0x000000000c908000 	/System/Library/Frameworks/Accelerate.framework/Versions/A/Frameworks/vecLib.framework/Versions/A/libvDSP.dylib
0x000000000c908000 	/System/Library/Frameworks/Accelerate.framework/Versions/A/Frameworks/vecLib.framework/Versions/A/libvMisc.dylib
0x000000000c908000 	/System/Library/Frameworks/Accelerate.framework/Versions/A/Frameworks/vecLib.framework/Versions/A/libLAPACK.dylib
0x000000000c908000 	/System/Library/Frameworks/Accelerate.framework/Versions/A/Frameworks/vecLib.framework/Versions/A/libBLAS.dylib
0x000000000c908000 	/System/Library/Frameworks/ApplicationServices.framework/Versions/A/Frameworks/ATS.framework/Versions/A/Resources/libFontParser.dylib
0x000000000c908000 	/System/Library/Frameworks/ApplicationServices.framework/Versions/A/Frameworks/ATS.framework/Versions/A/Resources/libFontRegistry.dylib
0x000000000c908000 	/System/Library/Frameworks/ImageIO.framework/Versions/A/Resources/libJPEG.dylib
0x000000000c908000 	/System/Library/Frameworks/ImageIO.framework/Versions/A/Resources/libTIFF.dylib
0x000000000c908000 	/System/Library/Frameworks/ImageIO.framework/Versions/A/Resources/libPng.dylib
0x000000000c908000 	/System/Library/Frameworks/ImageIO.framework/Versions/A/Resources/libGIF.dylib
0x000000000c908000 	/System/Library/Frameworks/ImageIO.framework/Versions/A/Resources/libJP2.dylib
0x000000000c908000 	/System/Library/Frameworks/ImageIO.framework/Versions/A/Resources/libRadiance.dylib
0x000000000c908000 	/usr/lib/libcups.2.dylib
0x000000000c908000 	/System/Library/Frameworks/Kerberos.framework/Versions/A/Kerberos
0x000000000c908000 	/System/Library/Frameworks/GSS.framework/Versions/A/GSS
0x000000000c908000 	/usr/lib/libresolv.9.dylib
0x000000000c908000 	/usr/lib/libiconv.2.dylib
0x000000000c908000 	/System/Library/PrivateFrameworks/Heimdal.framework/Versions/A/Heimdal
0x000000000c908000 	/System/Library/PrivateFrameworks/TrustEvaluationAgent.framework/Versions/A/TrustEvaluationAgent
0x000000000c908000 	/usr/lib/libheimdal-asn1.dylib
0x000000000c908000 	/System/Library/Frameworks/OpenDirectory.framework/Versions/A/OpenDirectory
0x000000000c908000 	/System/Library/PrivateFrameworks/CommonAuth.framework/Versions/A/CommonAuth
0x000000000c908000 	/System/Library/Frameworks/SecurityFoundation.framework/Versions/A/SecurityFoundation
0x000000000c908000 	/System/Library/PrivateFrameworks/Bom.framework/Versions/A/Bom
0x000000000c908000 	/System/Library/Frameworks/CoreVideo.framework/Versions/A/CoreVideo
0x000000000c908000 	/System/Library/Frameworks/QuartzCore.framework/Versions/A/Frameworks/CoreImage.framework/Versions/A/CoreImage
0x000000000c908000 	/System/Library/Frameworks/QuartzCore.framework/Versions/A/Frameworks/ScalableUserInterface.framework/Versions/A/ScalableUserInterface
0x000000000c908000 	/System/Library/Frameworks/OpenGL.framework/Versions/A/Libraries/libGLU.dylib
0x000000000c908000 	/System/Library/Frameworks/OpenGL.framework/Versions/A/Libraries/libGFXShared.dylib
0x000000000c908000 	/System/Library/Frameworks/OpenGL.framework/Versions/A/Libraries/libGL.dylib
0x000000000c908000 	/System/Library/Frameworks/OpenGL.framework/Versions/A/Libraries/libGLImage.dylib
0x000000000c908000 	/System/Library/Frameworks/OpenGL.framework/Versions/A/Libraries/libCVMSPluginSupport.dylib
0x000000000c908000 	/System/Library/Frameworks/OpenGL.framework/Versions/A/Libraries/libCoreVMClient.dylib
0x000000000c908000 	/System/Library/PrivateFrameworks/FaceCore.framework/Versions/A/FaceCore
0x000000000c908000 	/System/Library/PrivateFrameworks/CrashReporterSupport.framework/Versions/A/CrashReporterSupport
0x000000000c908000 	/System/Library/Frameworks/OpenCL.framework/Versions/A/OpenCL
0x000000000c908000 	/System/Library/PrivateFrameworks/AppleFSCompression.framework/Versions/A/AppleFSCompression
0x000000000c908000 	/System/Library/PrivateFrameworks/Ubiquity.framework/Versions/A/Ubiquity
0x000000000c908000 	/System/Library/PrivateFrameworks/IconServices.framework/Versions/A/IconServices
0x000000000c908000 	/System/Library/PrivateFrameworks/ChunkingLibrary.framework/Versions/A/ChunkingLibrary
0x000000000c908000 	/System/Library/PrivateFrameworks/CoreSymbolication.framework/Versions/A/CoreSymbolication
0x000000000c908000 	/System/Library/PrivateFrameworks/Symbolication.framework/Versions/A/Symbolication
0x000000000c908000 	/System/Library/PrivateFrameworks/DebugSymbols.framework/Versions/A/DebugSymbols
0x000000005109c000 	/System/Library/CoreServices/Encodings/libJapaneseConverter.dylib
0x000000010cc00000 	/Library/Java/JavaVirtualMachines/jdk1.7.0_45.jdk/Contents/Home/jre/lib/server/libjvm.dylib
0x000000000c908000 	/usr/lib/libstdc++.6.dylib
0x000000010bb89000 	/Library/Java/JavaVirtualMachines/jdk1.7.0_45.jdk/Contents/Home/jre/lib/libverify.dylib
0x000000010bb96000 	/Library/Java/JavaVirtualMachines/jdk1.7.0_45.jdk/Contents/Home/jre/lib/libjava.dylib
0x000000010bbd0000 	/Library/Java/JavaVirtualMachines/jdk1.7.0_45.jdk/Contents/Home/jre/lib/libzip.dylib
0x000000010bbda000 	/System/Library/Frameworks/JavaVM.framework/Frameworks/JavaRuntimeSupport.framework/JavaRuntimeSupport
0x0000000117180000 	/System/Library/Frameworks/JavaVM.framework/Versions/A/Frameworks/JavaNativeFoundation.framework/Versions/A/JavaNativeFoundation
0x000000010bbf2000 	/System/Library/Frameworks/JavaVM.framework/Versions/A/JavaVM
0x000000000c908000 	/System/Library/Frameworks/Carbon.framework/Versions/A/Carbon
0x0000000117195000 	/System/Library/PrivateFrameworks/JavaLaunching.framework/Versions/A/JavaLaunching
0x000000000c908000 	/System/Library/Frameworks/Carbon.framework/Versions/A/Frameworks/CommonPanels.framework/Versions/A/CommonPanels
0x000000000c908000 	/System/Library/Frameworks/Carbon.framework/Versions/A/Frameworks/Help.framework/Versions/A/Help
0x000000000c908000 	/System/Library/Frameworks/Carbon.framework/Versions/A/Frameworks/ImageCapture.framework/Versions/A/ImageCapture
0x000000000c908000 	/System/Library/Frameworks/Carbon.framework/Versions/A/Frameworks/OpenScripting.framework/Versions/A/OpenScripting
0x000000000c908000 	/System/Library/Frameworks/Carbon.framework/Versions/A/Frameworks/Print.framework/Versions/A/Print
0x000000000c908000 	/System/Library/Frameworks/Carbon.framework/Versions/A/Frameworks/SecurityHI.framework/Versions/A/SecurityHI
0x000000011798a000 	/Library/Java/JavaVirtualMachines/jdk1.7.0_45.jdk/Contents/Home/jre/lib/libnio.dylib
0x0000000117999000 	/Library/Java/JavaVirtualMachines/jdk1.7.0_45.jdk/Contents/Home/jre/lib/./libnet.dylib
0x0000000117e49000 	/Library/Java/JavaVirtualMachines/jdk1.7.0_45.jdk/Contents/Home/jre/lib/libmanagement.dylib
0x000000011bb35000 	/Users/jaianism/voltdb/voltdb/libvoltdb-4.8.jnilib

VM Arguments:
jvm_args: -Xmx2048m -Djava.awt.headless=true -Dsun.net.inetaddr.ttl=300 -Dsun.net.inetaddr.negative.ttl=3600 -XX:+HeapDumpOnOutOfMemoryError -XX:HeapDumpPath=/tmp -XX:+UseParNewGC -XX:+UseConcMarkSweepGC -XX:+CMSParallelRemarkEnabled -XX:+UseTLAB -XX:CMSInitiatingOccupancyFraction=75 -XX:+UseCMSInitiatingOccupancyOnly -XX:+UseCondCardMark -Dsun.rmi.dgc.server.gcInterval=9223372036854775807 -Dsun.rmi.dgc.client.gcInterval=9223372036854775807 -XX:CMSWaitDuration=120000 -XX:CMSMaxAbortablePrecleanTime=120000 -XX:+ExplicitGCInvokesConcurrent -XX:+CMSScavengeBeforeRemark -XX:+CMSClassUnloadingEnabled -XX:PermSize=64m -Dlog4j.configuration=file:///Users/jaianism/voltdb/voltdb/log4j.xml -Djava.library.path=/Users/jaianism/voltdb/voltdb 
java_command: org.voltdb.VoltDB create catalog jikken.jar host localhost:3021
Launcher Type: SUN_STANDARD

Environment Variables:
JAVA_HOME=/Library/Java/JavaVirtualMachines/jdk1.7.0_45.jdk/Contents/Home
PATH=/Users/jaianism/.rbenv/shims:/Users/jaianism/cocos2d-x-3.1.1/tools/cocos2d-console/bin:/opt/local/bin:/opt/local/sbin:/Users/jaianism/.cabal/bin:/Users/jaianism/play:/Users/jaianism/android_eclipse/sdk/platform-tools:/Users/jaianism/android_eclipse/sdk/tools:/Users/jaianism/voltdb:/Users/jaianism/voltdb/bin:/usr/local/Cellar/nasm/2.11.02:/usr/local/Cellar/nasm/2.11.02/bin:/Users/jaianism/android_ndk:/Users/jaianism/wine/drive_c:/usr/bin:/bin:/usr/sbin:/sbin:/usr/local/bin:/opt/X11/bin
SHELL=/bin/bash
DISPLAY=/tmp/launch-alYnu7/org.macosforge.xquartz:0

Signal Handlers:
SIGSEGV: [libjvm.dylib+0x525415], sa_mask[0]=0xfffefeff, sa_flags=0x00000043
SIGBUS: [libjvm.dylib+0x525415], sa_mask[0]=0xfffefeff, sa_flags=0x00000042
SIGFPE: [libjvm.dylib+0x41891a], sa_mask[0]=0xfffefeff, sa_flags=0x00000042
SIGPIPE: [libjvm.dylib+0x41891a], sa_mask[0]=0xfffefeff, sa_flags=0x00000042
SIGXFSZ: [libjvm.dylib+0x41891a], sa_mask[0]=0xfffefeff, sa_flags=0x00000042
SIGILL: [libjvm.dylib+0x41891a], sa_mask[0]=0xfffefeff, sa_flags=0x00000042
SIGUSR1: SIG_DFL, sa_mask[0]=0x63807efb, sa_flags=0x00000000
SIGUSR2: [libjvm.dylib+0x41840c], sa_mask[0]=0x00000000, sa_flags=0x00000042
SIGHUP: [libjvm.dylib+0x41669b], sa_mask[0]=0xfffefeff, sa_flags=0x00000042
SIGINT: [libjvm.dylib+0x41669b], sa_mask[0]=0xfffefeff, sa_flags=0x00000042
SIGTERM: [libjvm.dylib+0x41669b], sa_mask[0]=0xfffefeff, sa_flags=0x00000042
SIGQUIT: [libjvm.dylib+0x41669b], sa_mask[0]=0xfffefeff, sa_flags=0x00000042


---------------  S Y S T E M  ---------------

OS:Bsduname:Darwin 13.4.0 Darwin Kernel Version 13.4.0: Sun Aug 17 19:50:11 PDT 2014; root:xnu-2422.115.4~1/RELEASE_X86_64 x86_64
rlimit: STACK 8192k, CORE 0k, NPROC 709, NOFILE 10240, AS infinity
load average:1.68 1.60 1.58

CPU:total 8 (4 cores per cpu, 2 threads per core) family 6 model 42 stepping 7, cmov, cx8, fxsr, mmx, sse, sse2, sse3, ssse3, sse4.1, sse4.2, popcnt, avx, aes, ht, tsc, tscinvbit

Memory: 4k page, physical 8388608k(2097152k free)

/proc/meminfo:


vm_info: Java HotSpot(TM) 64-Bit Server VM (24.45-b08) for bsd-amd64 JRE (1.7.0_45-b18), built on Oct  8 2013 05:54:16 by "java_re" with gcc 4.2.1 (Based on Apple Inc. build 5658) (LLVM build 2336.11.00)

time: Sat Dec 13 10:04:31 2014
elapsed time: 11 seconds

